This is pdfTeX, Version 3.141592653-2.6-1.40.24 (MiKTeX 22.12) (preloaded format=pdflatex 2022.12.26)  24 JUL 2023 21:45
entering extended mode
 restricted \write18 enabled.
 %&-line parsing enabled.
**./AMADOU_Moussa.tex
(AMADOU_Moussa.tex
LaTeX2e <2022-11-01> patch level 1
L3 programming layer <2022-11-02> (C:\Users\USER\AppData\Local\Programs\MiKTe\t
ex/latex/base\article.cls
Document Class: article 2022/07/02 v1.4n Standard LaTeX document class
(C:\Users\USER\AppData\Local\Programs\MiKTe\tex/latex/base\size10.clo
File: size10.clo 2022/07/02 v1.4n Standard LaTeX file (size option)
)
\c@part=\count185
\c@section=\count186
\c@subsection=\count187
\c@subsubsection=\count188
\c@paragraph=\count189
\c@subparagraph=\count190
\c@figure=\count191
\c@table=\count192
\abovecaptionskip=\skip48
\belowcaptionskip=\skip49
\bibindent=\dimen140
) (C:\Users\USER\AppData\Local\Programs\MiKTe\tex/latex/amsmath\amsmath.sty
Package: amsmath 2022/04/08 v2.17n AMS math features
\@mathmargin=\skip50
For additional information on amsmath, use the `?' option.
(C:\Users\USER\AppData\Local\Programs\MiKTe\tex/latex/amsmath\amstext.sty
Package: amstext 2021/08/26 v2.01 AMS text
(C:\Users\USER\AppData\Local\Programs\MiKTe\tex/latex/amsmath\amsgen.sty
File: amsgen.sty 1999/11/30 v2.0 generic functions
\@emptytoks=\toks16
\ex@=\dimen141
)) (C:\Users\USER\AppData\Local\Programs\MiKTe\tex/latex/amsmath\amsbsy.sty
Package: amsbsy 1999/11/29 v1.2d Bold Symbols
\pmbraise@=\dimen142
) (C:\Users\USER\AppData\Local\Programs\MiKTe\tex/latex/amsmath\amsopn.sty
Package: amsopn 2022/04/08 v2.04 operator names
)
\inf@bad=\count193
LaTeX Info: Redefining \frac on input line 234.
\uproot@=\count194
\leftroot@=\count195
LaTeX Info: Redefining \overline on input line 399.
LaTeX Info: Redefining \colon on input line 410.
\classnum@=\count196
\DOTSCASE@=\count197
LaTeX Info: Redefining \ldots on input line 496.
LaTeX Info: Redefining \dots on input line 499.
LaTeX Info: Redefining \cdots on input line 620.
\Mathstrutbox@=\box51
\strutbox@=\box52
LaTeX Info: Redefining \big on input line 722.
LaTeX Info: Redefining \Big on input line 723.
LaTeX Info: Redefining \bigg on input line 724.
LaTeX Info: Redefining \Bigg on input line 725.
\big@size=\dimen143
LaTeX Font Info:    Redeclaring font encoding OML on input line 743.
LaTeX Font Info:    Redeclaring font encoding OMS on input line 744.
\macc@depth=\count198
LaTeX Info: Redefining \bmod on input line 905.
LaTeX Info: Redefining \pmod on input line 910.
LaTeX Info: Redefining \smash on input line 940.
LaTeX Info: Redefining \relbar on input line 970.
LaTeX Info: Redefining \Relbar on input line 971.
\c@MaxMatrixCols=\count199
\dotsspace@=\muskip16
\c@parentequation=\count266
\dspbrk@lvl=\count267
\tag@help=\toks17
\row@=\count268
\column@=\count269
\maxfields@=\count270
\andhelp@=\toks18
\eqnshift@=\dimen144
\alignsep@=\dimen145
\tagshift@=\dimen146
\tagwidth@=\dimen147
\totwidth@=\dimen148
\lineht@=\dimen149
\@envbody=\toks19
\multlinegap=\skip51
\multlinetaggap=\skip52
\mathdisplay@stack=\toks20
LaTeX Info: Redefining \[ on input line 2953.
LaTeX Info: Redefining \] on input line 2954.
) (C:\Users\USER\AppData\Local\Programs\MiKTe\tex/latex/amsfonts\amssymb.sty
Package: amssymb 2013/01/14 v3.01 AMS font symbols
(C:\Users\USER\AppData\Local\Programs\MiKTe\tex/latex/amsfonts\amsfonts.sty
Package: amsfonts 2013/01/14 v3.01 Basic AMSFonts support
\symAMSa=\mathgroup4
\symAMSb=\mathgroup5
LaTeX Font Info:    Redeclaring math symbol \hbar on input line 98.
LaTeX Font Info:    Overwriting math alphabet `\mathfrak' in version `bold'
(Font)                  U/euf/m/n --> U/euf/b/n on input line 106.
)) (C:\Users\USER\AppData\Local\Programs\MiKTe\tex/latex/lm\lmodern.sty
Package: lmodern 2015/05/01 v1.6.1 Latin Modern Fonts
LaTeX Font Info:    Overwriting symbol font `operators' in version `normal'
(Font)                  OT1/cmr/m/n --> OT1/lmr/m/n on input line 22.
LaTeX Font Info:    Overwriting symbol font `letters' in version `normal'
(Font)                  OML/cmm/m/it --> OML/lmm/m/it on input line 23.
LaTeX Font Info:    Overwriting symbol font `symbols' in version `normal'
(Font)                  OMS/cmsy/m/n --> OMS/lmsy/m/n on input line 24.
LaTeX Font Info:    Overwriting symbol font `largesymbols' in version `normal'
(Font)                  OMX/cmex/m/n --> OMX/lmex/m/n on input line 25.
LaTeX Font Info:    Overwriting symbol font `operators' in version `bold'
(Font)                  OT1/cmr/bx/n --> OT1/lmr/bx/n on input line 26.
LaTeX Font Info:    Overwriting symbol font `letters' in version `bold'
(Font)                  OML/cmm/b/it --> OML/lmm/b/it on input line 27.
LaTeX Font Info:    Overwriting symbol font `symbols' in version `bold'
(Font)                  OMS/cmsy/b/n --> OMS/lmsy/b/n on input line 28.
LaTeX Font Info:    Overwriting symbol font `largesymbols' in version `bold'
(Font)                  OMX/cmex/m/n --> OMX/lmex/m/n on input line 29.
LaTeX Font Info:    Overwriting math alphabet `\mathbf' in version `normal'
(Font)                  OT1/cmr/bx/n --> OT1/lmr/bx/n on input line 31.
LaTeX Font Info:    Overwriting math alphabet `\mathsf' in version `normal'
(Font)                  OT1/cmss/m/n --> OT1/lmss/m/n on input line 32.
LaTeX Font Info:    Overwriting math alphabet `\mathit' in version `normal'
(Font)                  OT1/cmr/m/it --> OT1/lmr/m/it on input line 33.
LaTeX Font Info:    Overwriting math alphabet `\mathtt' in version `normal'
(Font)                  OT1/cmtt/m/n --> OT1/lmtt/m/n on input line 34.
LaTeX Font Info:    Overwriting math alphabet `\mathbf' in version `bold'
(Font)                  OT1/cmr/bx/n --> OT1/lmr/bx/n on input line 35.
LaTeX Font Info:    Overwriting math alphabet `\mathsf' in version `bold'
(Font)                  OT1/cmss/bx/n --> OT1/lmss/bx/n on input line 36.
LaTeX Font Info:    Overwriting math alphabet `\mathit' in version `bold'
(Font)                  OT1/cmr/bx/it --> OT1/lmr/bx/it on input line 37.
LaTeX Font Info:    Overwriting math alphabet `\mathtt' in version `bold'
(Font)                  OT1/cmtt/m/n --> OT1/lmtt/m/n on input line 38.
) (C:\Users\USER\AppData\Local\Programs\MiKTe\tex/generic/iftex\iftex.sty
Package: iftex 2022/02/03 v1.0f TeX engine tests
) (C:\Users\USER\AppData\Local\Programs\MiKTe\tex/latex/base\fontenc.sty
Package: fontenc 2021/04/29 v2.0v Standard LaTeX package
LaTeX Font Info:    Trying to load font information for T1+lmr on input line 11
2.
(C:\Users\USER\AppData\Local\Programs\MiKTe\tex/latex/lm\t1lmr.fd
File: t1lmr.fd 2015/05/01 v1.6.1 Font defs for Latin Modern
)) (C:\Users\USER\AppData\Local\Programs\MiKTe\tex/latex/base\inputenc.sty
Package: inputenc 2021/02/14 v1.3d Input encoding file
\inpenc@prehook=\toks21
\inpenc@posthook=\toks22
) (C:\Users\USER\AppData\Local\Programs\MiKTe\tex/latex/base\textcomp.sty
Package: textcomp 2020/02/02 v2.0n Standard LaTeX package
) (C:\Users\USER\AppData\Local\Programs\MiKTe\tex/latex/upquote\upquote.sty
Package: upquote 2012/04/19 v1.3 upright-quote and grave-accent glyphs in verba
tim
) (C:\Users\USER\AppData\Local\Programs\MiKTe\tex/latex/microtype\microtype.sty
Package: microtype 2022/06/23 v3.0f Micro-typographical refinements (RS)
(C:\Users\USER\AppData\Local\Programs\MiKTe\tex/latex/graphics\keyval.sty
Package: keyval 2022/05/29 v1.15 key=value parser (DPC)
\KV@toks@=\toks23
) (C:\Users\USER\AppData\Local\Programs\MiKTe\tex/latex/etoolbox\etoolbox.sty
Package: etoolbox 2020/10/05 v2.5k e-TeX tools for LaTeX (JAW)
\etb@tempcnta=\count271
)
\MT@toks=\toks24
\MT@tempbox=\box53
\MT@count=\count272
LaTeX Info: Redefining \noprotrusionifhmode on input line 1045.
LaTeX Info: Redefining \leftprotrusion on input line 1046.
LaTeX Info: Redefining \rightprotrusion on input line 1056.
LaTeX Info: Redefining \textls on input line 1234.
\MT@outer@kern=\dimen150
LaTeX Info: Redefining \textmicrotypecontext on input line 1858.
\MT@listname@count=\count273

(C:\Users\USER\AppData\Local\Programs\MiKTe\tex/latex/microtype\microtype-pdfte
x.def
File: microtype-pdftex.def 2022/06/23 v3.0f Definitions specific to pdftex (RS)

LaTeX Info: Redefining \lsstyle on input line 900.
LaTeX Info: Redefining \lslig on input line 900.
\MT@outer@space=\skip53
)
Package microtype Info: Loading configuration file microtype.cfg.
(C:\Users\USER\AppData\Local\Programs\MiKTe\tex/latex/microtype\microtype.cfg
File: microtype.cfg 2022/06/23 v3.0f microtype main configuration file (RS)
)) (C:\Users\USER\AppData\Local\Programs\MiKTe\tex/latex/parskip\parskip.sty
Package: parskip 2021-03-14 v2.0h non-zero parskip adjustments
(C:\Users\USER\AppData\Local\Programs\MiKTe\tex/latex/kvoptions\kvoptions.sty
Package: kvoptions 2022-06-15 v3.15 Key value format for package options (HO)
(C:\Users\USER\AppData\Local\Programs\MiKTe\tex/generic/ltxcmds\ltxcmds.sty
Package: ltxcmds 2020-05-10 v1.25 LaTeX kernel commands for general use (HO)
) (C:\Users\USER\AppData\Local\Programs\MiKTe\tex/latex/kvsetkeys\kvsetkeys.sty
Package: kvsetkeys 2022-10-05 v1.19 Key value parser (HO)
))) (C:\Users\USER\AppData\Local\Programs\MiKTe\tex/latex/xcolor\xcolor.sty
Package: xcolor 2022/06/12 v2.14 LaTeX color extensions (UK)
(C:\Users\USER\AppData\Local\Programs\MiKTe\tex/latex/graphics-cfg\color.cfg
File: color.cfg 2016/01/02 v1.6 sample color configuration
)
Package xcolor Info: Driver file: pdftex.def on input line 227.
(C:\Users\USER\AppData\Local\Programs\MiKTe\tex/latex/graphics-def\pdftex.def
File: pdftex.def 2022/09/22 v1.2b Graphics/color driver for pdftex
) (C:\Users\USER\AppData\Local\Programs\MiKTe\tex/latex/graphics\mathcolor.ltx)
Package xcolor Info: Model `cmy' substituted by `cmy0' on input line 1353.
Package xcolor Info: Model `hsb' substituted by `rgb' on input line 1357.
Package xcolor Info: Model `RGB' extended on input line 1369.
Package xcolor Info: Model `HTML' substituted by `rgb' on input line 1371.
Package xcolor Info: Model `Hsb' substituted by `hsb' on input line 1372.
Package xcolor Info: Model `tHsb' substituted by `hsb' on input line 1373.
Package xcolor Info: Model `HSB' substituted by `hsb' on input line 1374.
Package xcolor Info: Model `Gray' substituted by `gray' on input line 1375.
Package xcolor Info: Model `wave' substituted by `hsb' on input line 1376.
) (C:\Users\USER\AppData\Local\Programs\MiKTe\tex/latex/geometry\geometry.sty
Package: geometry 2020/01/02 v5.9 Page Geometry
(C:\Users\USER\AppData\Local\Programs\MiKTe\tex/generic/iftex\ifvtex.sty
Package: ifvtex 2019/10/25 v1.7 ifvtex legacy package. Use iftex instead.
)
\Gm@cnth=\count274
\Gm@cntv=\count275
\c@Gm@tempcnt=\count276
\Gm@bindingoffset=\dimen151
\Gm@wd@mp=\dimen152
\Gm@odd@mp=\dimen153
\Gm@even@mp=\dimen154
\Gm@layoutwidth=\dimen155
\Gm@layoutheight=\dimen156
\Gm@layouthoffset=\dimen157
\Gm@layoutvoffset=\dimen158
\Gm@dimlist=\toks25
(C:\Users\USER\AppData\Local\Programs\MiKTe\tex/latex/geometry\geometry.cfg)) (
C:\Users\USER\AppData\Local\Programs\MiKTe\tex/latex/fancyvrb\fancyvrb.sty
Package: fancyvrb 2022/06/06 4.5 verbatim text (tvz,hv)
\FV@CodeLineNo=\count277
\FV@InFile=\read2
\FV@TabBox=\box54
\c@FancyVerbLine=\count278
\FV@StepNumber=\count279
\FV@OutFile=\write3
) (C:\Users\USER\AppData\Local\Programs\MiKTe\tex/latex/framed\framed.sty
Package: framed 2011/10/22 v 0.96: framed or shaded text with page breaks
\OuterFrameSep=\skip54
\fb@frw=\dimen159
\fb@frh=\dimen160
\FrameRule=\dimen161
\FrameSep=\dimen162
) (C:\Users\USER\AppData\Local\Programs\MiKTe\tex/latex/graphics\graphicx.sty
Package: graphicx 2021/09/16 v1.2d Enhanced LaTeX Graphics (DPC,SPQR)
(C:\Users\USER\AppData\Local\Programs\MiKTe\tex/latex/graphics\graphics.sty
Package: graphics 2022/03/10 v1.4e Standard LaTeX Graphics (DPC,SPQR)
(C:\Users\USER\AppData\Local\Programs\MiKTe\tex/latex/graphics\trig.sty
Package: trig 2021/08/11 v1.11 sin cos tan (DPC)
)
(C:\Users\USER\AppData\Local\Programs\MiKTe\tex/latex/graphics-cfg\graphics.cfg
File: graphics.cfg 2016/06/04 v1.11 sample graphics configuration
)
Package graphics Info: Driver file: pdftex.def on input line 107.
)
\Gin@req@height=\dimen163
\Gin@req@width=\dimen164
) (C:\Users\USER\AppData\Local\Programs\MiKTe\tex/latex/pdfpages\pdfpages.sty
Package: pdfpages 2022/10/09 v0.5w Insert pages of external PDF documents (AM)
(C:\Users\USER\AppData\Local\Programs\MiKTe\tex/latex/base\ifthen.sty
Package: ifthen 2022/04/13 v1.1d Standard LaTeX ifthen package (DPC)
) (C:\Users\USER\AppData\Local\Programs\MiKTe\tex/latex/tools\calc.sty
Package: calc 2017/05/25 v4.3 Infix arithmetic (KKT,FJ)
\calc@Acount=\count280
\calc@Bcount=\count281
\calc@Adimen=\dimen165
\calc@Bdimen=\dimen166
\calc@Askip=\skip55
\calc@Bskip=\skip56
LaTeX Info: Redefining \setlength on input line 80.
LaTeX Info: Redefining \addtolength on input line 81.
\calc@Ccount=\count282
\calc@Cskip=\skip57
) (C:\Users\USER\AppData\Local\Programs\MiKTe\tex/latex/eso-pic\eso-pic.sty
Package: eso-pic 2020/10/14 v3.0a eso-pic (RN)
\ESO@tempdima=\dimen167
\ESO@tempdimb=\dimen168
)
\AM@pagewidth=\dimen169
\AM@pageheight=\dimen170
\AM@fboxrule=\dimen171
(C:\Users\USER\AppData\Local\Programs\MiKTe\tex/latex/pdfpages\pppdftex.def
File: pppdftex.def 2022/10/09 v0.5w Pdfpages driver for pdfTeX (AM)
)
\pdfpages@includegraphics@status=\count283
\AM@pagebox=\box55
\AM@global@opts=\toks26
\AM@pagecnt=\count284
\AM@toc@title=\toks27
\c@AM@survey=\count285
\AM@templatesizebox=\box56
) (C:\Users\USER\AppData\Local\Programs\MiKTe\tex/latex/booktabs\booktabs.sty
Package: booktabs 2020/01/12 v1.61803398 Publication quality tables
\heavyrulewidth=\dimen172
\lightrulewidth=\dimen173
\cmidrulewidth=\dimen174
\belowrulesep=\dimen175
\belowbottomsep=\dimen176
\aboverulesep=\dimen177
\abovetopsep=\dimen178
\cmidrulesep=\dimen179
\cmidrulekern=\dimen180
\defaultaddspace=\dimen181
\@cmidla=\count286
\@cmidlb=\count287
\@aboverulesep=\dimen182
\@belowrulesep=\dimen183
\@thisruleclass=\count288
\@lastruleclass=\count289
\@thisrulewidth=\dimen184
) (C:\Users\USER\AppData\Local\Programs\MiKTe\tex/latex/tools\longtable.sty
Package: longtable 2021-09-01 v4.17 Multi-page Table package (DPC)
\LTleft=\skip58
\LTright=\skip59
\LTpre=\skip60
\LTpost=\skip61
\LTchunksize=\count290
\LTcapwidth=\dimen185
\LT@head=\box57
\LT@firsthead=\box58
\LT@foot=\box59
\LT@lastfoot=\box60
\LT@gbox=\box61
\LT@cols=\count291
\LT@rows=\count292
\c@LT@tables=\count293
\c@LT@chunks=\count294
\LT@p@ftn=\toks28
) (C:\Users\USER\AppData\Local\Programs\MiKTe\tex/latex/tools\array.sty
Package: array 2022/03/10 v2.5f Tabular extension package (FMi)
\col@sep=\dimen186
\ar@mcellbox=\box62
\extrarowheight=\dimen187
\NC@list=\toks29
\extratabsurround=\skip62
\backup@length=\skip63
\ar@cellbox=\box63
) (C:\Users\USER\AppData\Local\Programs\MiKTe\tex/latex/multirow\multirow.sty
Package: multirow 2021/03/15 v2.8 Span multiple rows of a table
\multirow@colwidth=\skip64
\multirow@cntb=\count295
\multirow@dima=\skip65
\bigstrutjot=\dimen188
) (C:\Users\USER\AppData\Local\Programs\MiKTe\tex/latex/wrapfig\wrapfig.sty
\wrapoverhang=\dimen189
\WF@size=\dimen190
\c@WF@wrappedlines=\count296
\WF@box=\box64
\WF@everypar=\toks30
Package: wrapfig 2003/01/31  v 3.6
) (C:\Users\USER\AppData\Local\Programs\MiKTe\tex/latex/float\float.sty
Package: float 2001/11/08 v1.3d Float enhancements (AL)
\c@float@type=\count297
\float@exts=\toks31
\float@box=\box65
\@float@everytoks=\toks32
\@floatcapt=\box66
) (C:\Users\USER\AppData\Local\Programs\MiKTe\tex/latex/colortbl\colortbl.sty
Package: colortbl 2022/06/20 v1.0f Color table columns (DPC)
\everycr=\toks33
\minrowclearance=\skip66
\rownum=\count298
) (C:\Users\USER\AppData\Local\Programs\MiKTe\tex/latex/pdflscape\pdflscape.sty
Package: pdflscape 2022-10-27 v0.13 Display of landscape pages in PDF

(C:\Users\USER\AppData\Local\Programs\MiKTe\tex/latex/pdflscape\pdflscape-nomet
adata.sty
Package: pdflscape-nometadata 2022-10-28 v0.13 Display of landscape pages in PD
F (HO)
(C:\Users\USER\AppData\Local\Programs\MiKTe\tex/latex/graphics\lscape.sty
Package: lscape 2020/05/28 v3.02 Landscape Pages (DPC)
)
Package pdflscape Info: Auto-detected driver: pdftex on input line 81.
)) (C:\Users\USER\AppData\Local\Programs\MiKTe\tex/latex/tabu\tabu.sty
Package: tabu 2019/01/11 v2.9 - flexible LaTeX tabulars (FC+tabu-fixed)
(C:\Users\USER\AppData\Local\Programs\MiKTe\tex/latex/varwidth\varwidth.sty
Package: varwidth 2009/03/30 ver 0.92;  Variable-width minipages
\@vwid@box=\box67
\sift@deathcycles=\count299
\@vwid@loff=\dimen191
\@vwid@roff=\dimen192
)
\c@taburow=\count300
\tabu@nbcols=\count301
\tabu@cnt=\count302
\tabu@Xcol=\count303
\tabu@alloc=\count304
\tabu@nested=\count305
\tabu@target=\dimen193
\tabu@spreadtarget=\dimen194
\tabu@naturalX=\dimen195
\tabucolX=\dimen196
\tabu@Xsum=\dimen197
\extrarowdepth=\dimen198
\abovetabulinesep=\dimen199
\belowtabulinesep=\dimen256
\tabustrutrule=\dimen257
\tabu@thebody=\toks34
\tabu@footnotes=\toks35
\tabu@box=\box68
\tabu@arstrutbox=\box69
\tabu@hleads=\box70
\tabu@vleads=\box71
\tabu@cellskip=\skip67
)
(C:\Users\USER\AppData\Local\Programs\MiKTe\tex/latex/threeparttable\threepartt
able.sty
Package: threeparttable 2003/06/13  v 3.0
\@tempboxb=\box72
)
(C:\Users\USER\AppData\Local\Programs\MiKTe\tex/latex/threeparttablex\threepart
tablex.sty
Package: threeparttablex 2013/07/23 v0.3 by daleif
(C:\Users\USER\AppData\Local\Programs\MiKTe\tex/latex/environ\environ.sty
Package: environ 2014/05/04 v0.3 A new way to define environments

(C:\Users\USER\AppData\Local\Programs\MiKTe\tex/latex/trimspaces\trimspaces.sty
Package: trimspaces 2009/09/17 v1.1 Trim spaces around a token list
))
\TPTL@width=\skip68
) (C:\Users\USER\AppData\Local\Programs\MiKTe\tex/latex/ulem\ulem.sty
\UL@box=\box73
\UL@hyphenbox=\box74
\UL@skip=\skip69
\UL@hook=\toks36
\UL@height=\dimen258
\UL@pe=\count306
\UL@pixel=\dimen259
\ULC@box=\box75
Package: ulem 2019/11/18
\ULdepth=\dimen260
) (C:\Users\USER\AppData\Local\Programs\MiKTe\tex/latex/makecell\makecell.sty
Package: makecell 2009/08/03 V0.1e Managing of Tab Column Heads and Cells
\rotheadsize=\dimen261
\c@nlinenum=\count307
\TeXr@lab=\toks37
) (C:\Users\USER\AppData\Local\Programs\MiKTe\tex/latex/caption\caption.sty
Package: caption 2022/03/01 v3.6b Customizing captions (AR)
(C:\Users\USER\AppData\Local\Programs\MiKTe\tex/latex/caption\caption3.sty
Package: caption3 2022/03/17 v2.3b caption3 kernel (AR)
\caption@tempdima=\dimen262
\captionmargin=\dimen263
\caption@leftmargin=\dimen264
\caption@rightmargin=\dimen265
\caption@width=\dimen266
\caption@indent=\dimen267
\caption@parindent=\dimen268
\caption@hangindent=\dimen269
Package caption Info: Standard document class detected.
)
\c@caption@flags=\count308
\c@continuedfloat=\count309
Package caption Info: float package is loaded.
Package caption Info: longtable package is loaded.
(C:\Users\USER\AppData\Local\Programs\MiKTe\tex/latex/caption\ltcaption.sty
Package: ltcaption 2021/01/08 v1.4c longtable captions (AR)
)
Package caption Info: threeparttable package is loaded.
Package caption Info: wrapfig package is loaded.
) (C:\Users\USER\AppData\Local\Programs\MiKTe\tex/latex/siunitx\siunitx.sty
Package: siunitx 2022-12-05 v3.1.11 A comprehensive (SI) units package
\l__siunitx_angle_tmp_dim=\dimen270
\l__siunitx_angle_marker_box=\box76
\l__siunitx_angle_unit_box=\box77
\l__siunitx_compound_count_int=\count310

(C:\Users\USER\AppData\Local\Programs\MiKTe\tex/latex/translations\translations
.sty
Package: translations 2022/02/05 v1.12 internationalization of LaTeX2e packages
 (CN)

(C:\Users\USER\AppData\Local\Programs\MiKTe\tex/generic/pdftexcmds\pdftexcmds.s
ty
Package: pdftexcmds 2020-06-27 v0.33 Utility functions of pdfTeX for LuaTeX (HO
)

(C:\Users\USER\AppData\Local\Programs\MiKTe\tex/generic/infwarerr\infwarerr.sty
Package: infwarerr 2019/12/03 v1.5 Providing info/warning/error messages (HO)
)
Package pdftexcmds Info: \pdf@primitive is available.
Package pdftexcmds Info: \pdf@ifprimitive is available.
Package pdftexcmds Info: \pdfdraftmode found.
))
\l__siunitx_number_exponent_fixed_int=\count311
\l__siunitx_number_min_decimal_int=\count312
\l__siunitx_number_min_integer_int=\count313
\l__siunitx_number_round_precision_int=\count314
\l__siunitx_number_group_first_int=\count315
\l__siunitx_number_group_size_int=\count316
\l__siunitx_number_group_minimum_int=\count317
\l__siunitx_table_tmp_box=\box78
\l__siunitx_table_tmp_dim=\dimen271
\l__siunitx_table_column_width_dim=\dimen272
\l__siunitx_table_integer_box=\box79
\l__siunitx_table_decimal_box=\box80
\l__siunitx_table_before_box=\box81
\l__siunitx_table_after_box=\box82
\l__siunitx_table_before_dim=\dimen273
\l__siunitx_table_carry_dim=\dimen274
\l__siunitx_unit_tmp_int=\count318
\l__siunitx_unit_position_int=\count319
\l__siunitx_unit_total_int=\count320
) (C:\Users\USER\AppData\Local\Programs\MiKTe\tex/latex/tools\hhline.sty
Package: hhline 2020/01/04 v2.04 Table rule package (DPC)
) (C:\Users\USER\AppData\Local\Programs\MiKTe\tex/latex/tools\tabularx.sty
Package: tabularx 2020/01/15 v2.11c `tabularx' package (DPC)
\TX@col@width=\dimen275
\TX@old@table=\dimen276
\TX@old@col=\dimen277
\TX@target=\dimen278
\TX@delta=\dimen279
\TX@cols=\count321
\TX@ftn=\toks38
) (C:\Users\USER\AppData\Local\Programs\MiKTe\tex/latex/adjustbox\adjustbox.sty
Package: adjustbox 2022/10/17 v1.3a Adjusting TeX boxes (trim, clip, ...)
(C:\Users\USER\AppData\Local\Programs\MiKTe\tex/latex/xkeyval\xkeyval.sty
Package: xkeyval 2022/06/16 v2.9 package option processing (HA)
(C:\Users\USER\AppData\Local\Programs\MiKTe\tex/generic/xkeyval\xkeyval.tex (C:
\Users\USER\AppData\Local\Programs\MiKTe\tex/generic/xkeyval\xkvutils.tex
\XKV@toks=\toks39
\XKV@tempa@toks=\toks40
)
\XKV@depth=\count322
File: xkeyval.tex 2014/12/03 v2.7a key=value parser (HA)
)) (C:\Users\USER\AppData\Local\Programs\MiKTe\tex/latex/adjustbox\adjcalc.sty
Package: adjcalc 2012/05/16 v1.1 Provides advanced setlength with multiple back
-ends (calc, etex, pgfmath)
) (C:\Users\USER\AppData\Local\Programs\MiKTe\tex/latex/adjustbox\trimclip.sty
Package: trimclip 2020/08/19 v1.2 Trim and clip general TeX material

(C:\Users\USER\AppData\Local\Programs\MiKTe\tex/latex/collectbox\collectbox.sty
Package: collectbox 2022/10/17 v0.4c Collect macro arguments as boxes
\collectedbox=\box83
)
\tc@llx=\dimen280
\tc@lly=\dimen281
\tc@urx=\dimen282
\tc@ury=\dimen283
Package trimclip Info: Using driver 'tc-pdftex.def'.
(C:\Users\USER\AppData\Local\Programs\MiKTe\tex/latex/adjustbox\tc-pdftex.def
File: tc-pdftex.def 2019/01/04 v2.2 Clipping driver for pdftex
))
\adjbox@Width=\dimen284
\adjbox@Height=\dimen285
\adjbox@Depth=\dimen286
\adjbox@Totalheight=\dimen287
\adjbox@pwidth=\dimen288
\adjbox@pheight=\dimen289
\adjbox@pdepth=\dimen290
\adjbox@ptotalheight=\dimen291
(C:\Users\USER\AppData\Local\Programs\MiKTe\tex/latex/ifoddpage\ifoddpage.sty
Package: ifoddpage 2022/10/18 v1.2 Conditionals for odd/even page detection
\c@checkoddpage=\count323
)) (C:\Users\USER\AppData\Local\Programs\MiKTe\tex/latex/hyperref\hyperref.sty
Package: hyperref 2022-11-13 v7.00u Hypertext links for LaTeX

(C:\Users\USER\AppData\Local\Programs\MiKTe\tex/generic/kvdefinekeys\kvdefineke
ys.sty
Package: kvdefinekeys 2019-12-19 v1.6 Define keys (HO)
)
(C:\Users\USER\AppData\Local\Programs\MiKTe\tex/generic/pdfescape\pdfescape.sty
Package: pdfescape 2019/12/09 v1.15 Implements pdfTeX's escape features (HO)
) (C:\Users\USER\AppData\Local\Programs\MiKTe\tex/latex/hycolor\hycolor.sty
Package: hycolor 2020-01-27 v1.10 Color options for hyperref/bookmark (HO)
)
(C:\Users\USER\AppData\Local\Programs\MiKTe\tex/latex/letltxmacro\letltxmacro.s
ty
Package: letltxmacro 2019/12/03 v1.6 Let assignment for LaTeX macros (HO)
) (C:\Users\USER\AppData\Local\Programs\MiKTe\tex/latex/auxhook\auxhook.sty
Package: auxhook 2019-12-17 v1.6 Hooks for auxiliary files (HO)
) (C:\Users\USER\AppData\Local\Programs\MiKTe\tex/latex/hyperref\nameref.sty
Package: nameref 2022-05-17 v2.50 Cross-referencing by name of section
(C:\Users\USER\AppData\Local\Programs\MiKTe\tex/latex/refcount\refcount.sty
Package: refcount 2019/12/15 v3.6 Data extraction from label references (HO)
)
(C:\Users\USER\AppData\Local\Programs\MiKTe\tex/generic/gettitlestring\gettitle
string.sty
Package: gettitlestring 2019/12/15 v1.6 Cleanup title references (HO)
)
\c@section@level=\count324
)
\@linkdim=\dimen292
\Hy@linkcounter=\count325
\Hy@pagecounter=\count326
(C:\Users\USER\AppData\Local\Programs\MiKTe\tex/latex/hyperref\pd1enc.def
File: pd1enc.def 2022-11-13 v7.00u Hyperref: PDFDocEncoding definition (HO)
Now handling font encoding PD1 ...
... no UTF-8 mapping file for font encoding PD1
) (C:\Users\USER\AppData\Local\Programs\MiKTe\tex/generic/intcalc\intcalc.sty
Package: intcalc 2019/12/15 v1.3 Expandable calculations with integers (HO)
) (C:\Users\USER\AppData\Local\Programs\MiKTe\tex/generic/etexcmds\etexcmds.sty
Package: etexcmds 2019/12/15 v1.7 Avoid name clashes with e-TeX commands (HO)
)
\Hy@SavedSpaceFactor=\count327
(C:\Users\USER\AppData\Local\Programs\MiKTe\tex/latex/hyperref\puenc.def
File: puenc.def 2022-11-13 v7.00u Hyperref: PDF Unicode definition (HO)
Now handling font encoding PU ...
... no UTF-8 mapping file for font encoding PU
)
Package hyperref Info: Option `unicode' set `true' on input line 4045.
Package hyperref Info: Hyper figures OFF on input line 4162.
Package hyperref Info: Link nesting OFF on input line 4167.
Package hyperref Info: Hyper index ON on input line 4170.
Package hyperref Info: Plain pages OFF on input line 4177.
Package hyperref Info: Backreferencing OFF on input line 4182.
Package hyperref Info: Implicit mode ON; LaTeX internals redefined.
Package hyperref Info: Bookmarks ON on input line 4410.
\c@Hy@tempcnt=\count328
(C:\Users\USER\AppData\Local\Programs\MiKTe\tex/latex/url\url.sty
\Urlmuskip=\muskip17
Package: url 2013/09/16  ver 3.4  Verb mode for urls, etc.
)
LaTeX Info: Redefining \url on input line 4748.
\XeTeXLinkMargin=\dimen293
(C:\Users\USER\AppData\Local\Programs\MiKTe\tex/generic/bitset\bitset.sty
Package: bitset 2019/12/09 v1.3 Handle bit-vector datatype (HO)

(C:\Users\USER\AppData\Local\Programs\MiKTe\tex/generic/bigintcalc\bigintcalc.s
ty
Package: bigintcalc 2019/12/15 v1.5 Expandable calculations on big integers (HO
)
))
\Fld@menulength=\count329
\Field@Width=\dimen294
\Fld@charsize=\dimen295
Package hyperref Info: Hyper figures OFF on input line 6027.
Package hyperref Info: Link nesting OFF on input line 6032.
Package hyperref Info: Hyper index ON on input line 6035.
Package hyperref Info: backreferencing OFF on input line 6042.
Package hyperref Info: Link coloring OFF on input line 6047.
Package hyperref Info: Link coloring with OCG OFF on input line 6052.
Package hyperref Info: PDF/A mode OFF on input line 6057.
(C:\Users\USER\AppData\Local\Programs\MiKTe\tex/latex/base\atbegshi-ltx.sty
Package: atbegshi-ltx 2021/01/10 v1.0c Emulation of the original atbegshi
package with kernel methods
)
\Hy@abspage=\count330
\c@Item=\count331
\c@Hfootnote=\count332
)
Package hyperref Info: Driver (autodetected): hpdftex.
(C:\Users\USER\AppData\Local\Programs\MiKTe\tex/latex/hyperref\hpdftex.def
File: hpdftex.def 2022-11-13 v7.00u Hyperref driver for pdfTeX
(C:\Users\USER\AppData\Local\Programs\MiKTe\tex/latex/base\atveryend-ltx.sty
Package: atveryend-ltx 2020/08/19 v1.0a Emulation of the original atveryend pac
kage
with kernel methods
)
\Fld@listcount=\count333
\c@bookmark@seq@number=\count334

(C:\Users\USER\AppData\Local\Programs\MiKTe\tex/latex/rerunfilecheck\rerunfilec
heck.sty
Package: rerunfilecheck 2022-07-10 v1.10 Rerun checks for auxiliary files (HO)

(C:\Users\USER\AppData\Local\Programs\MiKTe\tex/generic/uniquecounter\uniquecou
nter.sty
Package: uniquecounter 2019/12/15 v1.4 Provide unlimited unique counter (HO)
)
Package uniquecounter Info: New unique counter `rerunfilecheck' on input line 2
85.
)
\Hy@SectionHShift=\skip70
) (C:\Users\USER\AppData\Local\Programs\MiKTe\tex/latex/tools\multicol.sty
Package: multicol 2021/11/30 v1.9d multicolumn formatting (FMi)
\c@tracingmulticols=\count335
\mult@box=\box84
\multicol@leftmargin=\dimen296
\c@unbalance=\count336
\c@collectmore=\count337
\doublecol@number=\count338
\multicoltolerance=\count339
\multicolpretolerance=\count340
\full@width=\dimen297
\page@free=\dimen298
\premulticols=\dimen299
\postmulticols=\dimen300
\multicolsep=\skip71
\multicolbaselineskip=\skip72
\partial@page=\box85
\last@line=\box86
\maxbalancingoverflow=\dimen301
\mult@rightbox=\box87
\mult@grightbox=\box88
\mult@firstbox=\box89
\mult@gfirstbox=\box90
\@tempa=\box91
\@tempa=\box92
\@tempa=\box93
\@tempa=\box94
\@tempa=\box95
\@tempa=\box96
\@tempa=\box97
\@tempa=\box98
\@tempa=\box99
\@tempa=\box100
\@tempa=\box101
\@tempa=\box102
\@tempa=\box103
\@tempa=\box104
\@tempa=\box105
\@tempa=\box106
\@tempa=\box107
\@tempa=\box108
\@tempa=\box109
\@tempa=\box110
\@tempa=\box111
\@tempa=\box112
\@tempa=\box113
\@tempa=\box114
\@tempa=\box115
\@tempa=\box116
\@tempa=\box117
\@tempa=\box118
\@tempa=\box119
\@tempa=\box120
\@tempa=\box121
\@tempa=\box122
\@tempa=\box123
\@tempa=\box124
\@tempa=\box125
\@tempa=\box126
\c@minrows=\count341
\c@columnbadness=\count342
\c@finalcolumnbadness=\count343
\last@try=\dimen302
\multicolovershoot=\dimen303
\multicolundershoot=\dimen304
\mult@nat@firstbox=\box127
\colbreak@box=\box128
\mc@col@check@num=\count344
)
\Oldarrayrulewidth=\skip73
\Oldtabcolsep=\skip74
(C:\Users\USER\AppData\Local\Programs\MiKTe\tex/latex/bookmark\bookmark.sty
Package: bookmark 2020-11-06 v1.29 PDF bookmarks (HO)
(C:\Users\USER\AppData\Local\Programs\MiKTe\tex/latex/bookmark\bkm-pdftex.def
File: bkm-pdftex.def 2020-11-06 v1.29 bookmark driver for pdfTeX (HO)
\BKM@id=\count345
)) (C:\Users\USER\AppData\Local\Programs\MiKTe\tex/latex/xurl\xurl.sty
Package: xurl 2022/01/09 v 0.10 modify URL breaks
)
Package translations Info: No language package found. I am going to use `englis
h' as default language. on input line 136.

(C:\Users\USER\AppData\Local\Programs\MiKTe\tex/latex/l3backend\l3backend-pdfte
x.def
File: l3backend-pdftex.def 2022-10-26 L3 backend support: PDF output (pdfTeX)
\l__color_backend_stack_int=\count346
\l__pdf_internal_box=\box129
)

LaTeX Warning: Unused global option(s):
    [14pt].

(AMADOU_Moussa.aux)
\openout1 = `AMADOU_Moussa.aux'.

LaTeX Font Info:    Checking defaults for OML/cmm/m/it on input line 136.
LaTeX Font Info:    ... okay on input line 136.
LaTeX Font Info:    Checking defaults for OMS/cmsy/m/n on input line 136.
LaTeX Font Info:    ... okay on input line 136.
LaTeX Font Info:    Checking defaults for OT1/cmr/m/n on input line 136.
LaTeX Font Info:    ... okay on input line 136.
LaTeX Font Info:    Checking defaults for T1/cmr/m/n on input line 136.
LaTeX Font Info:    ... okay on input line 136.
LaTeX Font Info:    Checking defaults for TS1/cmr/m/n on input line 136.
LaTeX Font Info:    ... okay on input line 136.
LaTeX Font Info:    Checking defaults for OMX/cmex/m/n on input line 136.
LaTeX Font Info:    ... okay on input line 136.
LaTeX Font Info:    Checking defaults for U/cmr/m/n on input line 136.
LaTeX Font Info:    ... okay on input line 136.
LaTeX Font Info:    Checking defaults for PD1/pdf/m/n on input line 136.
LaTeX Font Info:    ... okay on input line 136.
LaTeX Font Info:    Checking defaults for PU/pdf/m/n on input line 136.
LaTeX Font Info:    ... okay on input line 136.
LaTeX Info: Redefining \microtypecontext on input line 136.
Package microtype Info: Applying patch `item' on input line 136.
Package microtype Info: Applying patch `toc' on input line 136.
Package microtype Info: Applying patch `eqnum' on input line 136.
Package microtype Info: Applying patch `footnote' on input line 136.
Package microtype Info: Generating PDF output.
Package microtype Info: Character protrusion enabled (level 2).
Package microtype Info: Using protrusion set `basicmath'.
Package microtype Info: Automatic font expansion enabled (level 2),
(microtype)             stretch: 20, shrink: 20, step: 1, non-selected.
Package microtype Info: Using default expansion set `alltext-nott'.
LaTeX Info: Redefining \showhyphens on input line 136.
Package microtype Info: No adjustment of tracking.
Package microtype Info: No adjustment of interword spacing.
Package microtype Info: No adjustment of character kerning.
(C:\Users\USER\AppData\Local\Programs\MiKTe\tex/latex/microtype\mt-cmr.cfg
File: mt-cmr.cfg 2013/05/19 v2.2 microtype config. file: Computer Modern Roman 
(RS)
)
(C:\Users\USER\AppData\Local\Programs\MiKTe\tex/context/base/mkii\supp-pdf.mkii
[Loading MPS to PDF converter (version 2006.09.02).]
\scratchcounter=\count347
\scratchdimen=\dimen305
\scratchbox=\box130
\nofMPsegments=\count348
\nofMParguments=\count349
\everyMPshowfont=\toks41
\MPscratchCnt=\count350
\MPscratchDim=\dimen306
\MPnumerator=\count351
\makeMPintoPDFobject=\count352
\everyMPtoPDFconversion=\toks42
)
(C:\Users\USER\AppData\Local\Programs\MiKTe\tex/latex/epstopdf-pkg\epstopdf-bas
e.sty
Package: epstopdf-base 2020-01-24 v2.11 Base part for package epstopdf
Package epstopdf-base Info: Redefining graphics rule for `.eps' on input line 4
85.

(C:\Users\USER\AppData\Local\Programs\MiKTe\tex/latex/00miktex\epstopdf-sys.cfg
File: epstopdf-sys.cfg 2021/03/18 v2.0 Configuration of epstopdf for MiKTeX
))
*geometry* driver: auto-detecting
*geometry* detected driver: pdftex
*geometry* verbose mode - [ preamble ] result:
* driver: pdftex
* paper: <default>
* layout: <same size as paper>
* layoutoffset:(h,v)=(0.0pt,0.0pt)
* modes: 
* h-part:(L,W,R)=(72.26999pt, 469.75502pt, 72.26999pt)
* v-part:(T,H,B)=(72.26999pt, 650.43001pt, 72.26999pt)
* \paperwidth=614.295pt
* \paperheight=794.96999pt
* \textwidth=469.75502pt
* \textheight=650.43001pt
* \oddsidemargin=0.0pt
* \evensidemargin=0.0pt
* \topmargin=-37.0pt
* \headheight=12.0pt
* \headsep=25.0pt
* \topskip=10.0pt
* \footskip=30.0pt
* \marginparwidth=65.0pt
* \marginparsep=11.0pt
* \columnsep=10.0pt
* \skip\footins=9.0pt plus 4.0pt minus 2.0pt
* \hoffset=0.0pt
* \voffset=0.0pt
* \mag=1000
* \@twocolumnfalse
* \@twosidefalse
* \@mparswitchfalse
* \@reversemarginfalse
* (1in=72.27pt=25.4mm, 1cm=28.453pt)

Package caption Info: Begin \AtBeginDocument code.
Package caption Info: hyperref package is loaded.
Package caption Info: End \AtBeginDocument code.

(C:\Users\USER\AppData\Local\Programs\MiKTe\tex/latex/translations/dicts\transl
ations-basic-dictionary-english.trsl
File: translations-basic-dictionary-english.trsl (english translation file `tra
nslations-basic-dictionary')
)
Package translations Info: loading dictionary `translations-basic-dictionary' f
or `english'. on input line 136.
Package hyperref Info: Link coloring OFF on input line 136.
<projet.pdf, id=3, 597.50829pt x 845.0471pt>
File: projet.pdf Graphic file (type pdf)
<use projet.pdf>
Package pdftex.def Info: projet.pdf  used on input line 138.
(pdftex.def)             Requested size: 459.91869pt x 650.45619pt.
File: projet.pdf Graphic file (type pdf)
<use projet.pdf>
Package pdftex.def Info: projet.pdf  used on input line 138.
(pdftex.def)             Requested size: 459.91869pt x 650.45619pt.
<projet.pdf, id=6, page=1, 597.50829pt x 845.0471pt>
File: projet.pdf Graphic file (type pdf)
<use projet.pdf, page 1>
Package pdftex.def Info: projet.pdf , page1 used on input line 138.
(pdftex.def)             Requested size: 597.50682pt x 845.04504pt.
File: projet.pdf Graphic file (type pdf)
<use projet.pdf, page 1>
Package pdftex.def Info: projet.pdf , page1 used on input line 138.
(pdftex.def)             Requested size: 562.12285pt x 795.00201pt.
File: projet.pdf Graphic file (type pdf)
<use projet.pdf, page 1>
Package pdftex.def Info: projet.pdf , page1 used on input line 138.
(pdftex.def)             Requested size: 562.12285pt x 795.00201pt.
File: projet.pdf Graphic file (type pdf)
<use projet.pdf, page 1>
Package pdftex.def Info: projet.pdf , page1 used on input line 138.
(pdftex.def)             Requested size: 562.12285pt x 795.00201pt.
File: projet.pdf Graphic file (type pdf)
<use projet.pdf, page 1>
Package pdftex.def Info: projet.pdf , page1 used on input line 138.
(pdftex.def)             Requested size: 562.12285pt x 795.00201pt.
[1

 <./projet.pdf{C:/Users/USER/AppData/Local/MiKTeX/fonts/map/pdftex/pdftex.map}>
] (AMADOU_Moussa.toc
LaTeX Font Info:    Trying to load font information for OT1+lmr on input line 4
.
(C:\Users\USER\AppData\Local\Programs\MiKTe\tex/latex/lm\ot1lmr.fd
File: ot1lmr.fd 2015/05/01 v1.6.1 Font defs for Latin Modern
)
LaTeX Font Info:    Trying to load font information for OML+lmm on input line 4
.
(C:\Users\USER\AppData\Local\Programs\MiKTe\tex/latex/lm\omllmm.fd
File: omllmm.fd 2015/05/01 v1.6.1 Font defs for Latin Modern
)
LaTeX Font Info:    Trying to load font information for OMS+lmsy on input line 
4.
(C:\Users\USER\AppData\Local\Programs\MiKTe\tex/latex/lm\omslmsy.fd
File: omslmsy.fd 2015/05/01 v1.6.1 Font defs for Latin Modern
)
LaTeX Font Info:    Trying to load font information for OMX+lmex on input line 
4.
(C:\Users\USER\AppData\Local\Programs\MiKTe\tex/latex/lm\omxlmex.fd
File: omxlmex.fd 2015/05/01 v1.6.1 Font defs for Latin Modern
)
LaTeX Font Info:    External font `lmex10' loaded for size
(Font)              <10> on input line 4.
LaTeX Font Info:    External font `lmex10' loaded for size
(Font)              <7> on input line 4.
LaTeX Font Info:    External font `lmex10' loaded for size
(Font)              <5> on input line 4.
LaTeX Font Info:    Trying to load font information for U+msa on input line 4.
(C:\Users\USER\AppData\Local\Programs\MiKTe\tex/latex/amsfonts\umsa.fd
File: umsa.fd 2013/01/14 v3.01 AMS symbols A
) (C:\Users\USER\AppData\Local\Programs\MiKTe\tex/latex/microtype\mt-msa.cfg
File: mt-msa.cfg 2006/02/04 v1.1 microtype config. file: AMS symbols (a) (RS)
)
LaTeX Font Info:    Trying to load font information for U+msb on input line 4.
(C:\Users\USER\AppData\Local\Programs\MiKTe\tex/latex/amsfonts\umsb.fd
File: umsb.fd 2013/01/14 v3.01 AMS symbols B
) (C:\Users\USER\AppData\Local\Programs\MiKTe\tex/latex/microtype\mt-msb.cfg
File: mt-msb.cfg 2005/06/01 v1.0 microtype config. file: AMS symbols (b) (RS)
) [2])
\tf@toc=\write4
\openout4 = `AMADOU_Moussa.toc'.

[3]
LaTeX Font Info:    Trying to load font information for TS1+lmr on input line 1
62.
(C:\Users\USER\AppData\Local\Programs\MiKTe\tex/latex/lm\ts1lmr.fd
File: ts1lmr.fd 2015/05/01 v1.6.1 Font defs for Latin Modern
) [4] [5]
LaTeX Font Info:    Trying to load font information for T1+lmtt on input line 2
66.
(C:\Users\USER\AppData\Local\Programs\MiKTe\tex/latex/lm\t1lmtt.fd
File: t1lmtt.fd 2015/05/01 v1.6.1 Font defs for Latin Modern
) [6]
Underfull \hbox (badness 10000) in paragraph at lines 298--298

 []


Underfull \hbox (badness 10000) in paragraph at lines 308--309

 []


Underfull \hbox (badness 10000) in paragraph at lines 327--327

 []

LaTeX Font Info:    Trying to load font information for TS1+lmtt on input line 
348.
(C:\Users\USER\AppData\Local\Programs\MiKTe\tex/latex/lm\ts1lmtt.fd
File: ts1lmtt.fd 2015/05/01 v1.6.1 Font defs for Latin Modern
) [7] [8]
Underfull \hbox (badness 10000) in paragraph at lines 437--437

 []

LaTeX Font Info:    Font shape `T1/lmtt/bx/n' in size <10> not available
(Font)              Font shape `T1/lmtt/b/n' tried instead on input line 445.

Underfull \hbox (badness 10000) in paragraph at lines 464--464

 []


Underfull \hbox (badness 10000) in paragraph at lines 477--477

 []


Underfull \hbox (badness 10000) in paragraph at lines 493--493

 []

[9] [10]
Underfull \hbox (badness 10000) in paragraph at lines 533--533

 []

<AMADOU_Moussa_files/figure-latex/unnamed-chunk-9-1.pdf, id=221, 469.755pt x 32
5.215pt>
File: AMADOU_Moussa_files/figure-latex/unnamed-chunk-9-1.pdf Graphic file (type
 pdf)
<use AMADOU_Moussa_files/figure-latex/unnamed-chunk-9-1.pdf>
Package pdftex.def Info: AMADOU_Moussa_files/figure-latex/unnamed-chunk-9-1.pdf
  used on input line 566.
(pdftex.def)             Requested size: 469.75386pt x 325.2142pt.
[11]
Underfull \hbox (badness 10000) in paragraph at lines 570--570

 []

[12 <./AMADOU_Moussa_files/figure-latex/unnamed-chunk-9-1.pdf>]
Underfull \hbox (badness 10000) in paragraph at lines 639--640

 []

[13]
Underfull \hbox (badness 10000) in paragraph at lines 646--646

 []

[14]
<AMADOU_Moussa_files/figure-latex/unnamed-chunk-12-1.pdf, id=251, 469.755pt x 3
25.215pt>
File: AMADOU_Moussa_files/figure-latex/unnamed-chunk-12-1.pdf Graphic file (typ
e pdf)
<use AMADOU_Moussa_files/figure-latex/unnamed-chunk-12-1.pdf>
Package pdftex.def Info: AMADOU_Moussa_files/figure-latex/unnamed-chunk-12-1.pd
f  used on input line 886.
(pdftex.def)             Requested size: 469.75386pt x 325.2142pt.
[15] [16 <./AMADOU_Moussa_files/figure-latex/unnamed-chunk-12-1.pdf>]
Underfull \hbox (badness 10000) in paragraph at lines 892--892

 []

<AMADOU_Moussa_files/figure-latex/unnamed-chunk-13-1.pdf, id=269, 469.755pt x 3
25.215pt>
File: AMADOU_Moussa_files/figure-latex/unnamed-chunk-13-1.pdf Graphic file (typ
e pdf)
<use AMADOU_Moussa_files/figure-latex/unnamed-chunk-13-1.pdf>
Package pdftex.def Info: AMADOU_Moussa_files/figure-latex/unnamed-chunk-13-1.pd
f  used on input line 915.
(pdftex.def)             Requested size: 469.75386pt x 325.2142pt.
[17 <./AMADOU_Moussa_files/figure-latex/unnamed-chunk-13-1.pdf>]
<AMADOU_Moussa_files/figure-latex/unnamed-chunk-14-1.pdf, id=280, 469.755pt x 3
25.215pt>
File: AMADOU_Moussa_files/figure-latex/unnamed-chunk-14-1.pdf Graphic file (typ
e pdf)
<use AMADOU_Moussa_files/figure-latex/unnamed-chunk-14-1.pdf>
Package pdftex.def Info: AMADOU_Moussa_files/figure-latex/unnamed-chunk-14-1.pd
f  used on input line 959.
(pdftex.def)             Requested size: 469.75386pt x 325.2142pt.
[18]
Underfull \hbox (badness 10000) in paragraph at lines 964--964

 []

[19 <./AMADOU_Moussa_files/figure-latex/unnamed-chunk-14-1.pdf>]
<AMADOU_Moussa_files/figure-latex/unnamed-chunk-15-1.pdf, id=300, 469.755pt x 3
25.215pt>
File: AMADOU_Moussa_files/figure-latex/unnamed-chunk-15-1.pdf Graphic file (typ
e pdf)
<use AMADOU_Moussa_files/figure-latex/unnamed-chunk-15-1.pdf>
Package pdftex.def Info: AMADOU_Moussa_files/figure-latex/unnamed-chunk-15-1.pd
f  used on input line 996.
(pdftex.def)             Requested size: 469.75386pt x 325.2142pt.
[20 <./AMADOU_Moussa_files/figure-latex/unnamed-chunk-15-1.pdf>]
Underfull \hbox (badness 10000) in paragraph at lines 1002--1002

 []


Underfull \hbox (badness 10000) in paragraph at lines 1007--1007

 []


Overfull \hbox (23.74355pt too wide) in paragraph at lines 1028--1028
[]\T1/lmtt/m/n/10 ##   \TS1/lmtt/m/n/10 `\T1/lmtt/m/n/10 C:\Users\USER\Document
s\Projet_R_Ensae_2023\Projet_R_Ensae\données_SEN\gadm36_SEN_1.shp\TS1/lmtt/m/n/
10 '[] 
 []

[21]
Underfull \hbox (badness 10000) in paragraph at lines 1065--1065

 []

<AMADOU_Moussa_files/figure-latex/unnamed-chunk-17-1.pdf, id=316, 469.755pt x 3
25.215pt>
File: AMADOU_Moussa_files/figure-latex/unnamed-chunk-17-1.pdf Graphic file (typ
e pdf)
<use AMADOU_Moussa_files/figure-latex/unnamed-chunk-17-1.pdf>
Package pdftex.def Info: AMADOU_Moussa_files/figure-latex/unnamed-chunk-17-1.pd
f  used on input line 1082.
(pdftex.def)             Requested size: 469.75386pt x 325.2142pt.

Underfull \hbox (badness 10000) in paragraph at lines 1087--1087

 []

[22 <./AMADOU_Moussa_files/figure-latex/unnamed-chunk-17-1.pdf>]
<AMADOU_Moussa_files/figure-latex/unnamed-chunk-18-1.pdf, id=328, 469.755pt x 3
25.215pt>
File: AMADOU_Moussa_files/figure-latex/unnamed-chunk-18-1.pdf Graphic file (typ
e pdf)
<use AMADOU_Moussa_files/figure-latex/unnamed-chunk-18-1.pdf>
Package pdftex.def Info: AMADOU_Moussa_files/figure-latex/unnamed-chunk-18-1.pd
f  used on input line 1105.
(pdftex.def)             Requested size: 469.75386pt x 325.2142pt.

Underfull \hbox (badness 10000) in paragraph at lines 1109--1109

 []

<AMADOU_Moussa_files/figure-latex/unnamed-chunk-19-1.pdf, id=329, 469.755pt x 3
25.215pt>
File: AMADOU_Moussa_files/figure-latex/unnamed-chunk-19-1.pdf Graphic file (typ
e pdf)
<use AMADOU_Moussa_files/figure-latex/unnamed-chunk-19-1.pdf>
Package pdftex.def Info: AMADOU_Moussa_files/figure-latex/unnamed-chunk-19-1.pd
f  used on input line 1125.
(pdftex.def)             Requested size: 469.75386pt x 325.2142pt.
[23 <./AMADOU_Moussa_files/figure-latex/unnamed-chunk-18-1.pdf>] [24 <./AMADOU_
Moussa_files/figure-latex/unnamed-chunk-19-1.pdf>]
Underfull \hbox (badness 10000) in paragraph at lines 1145--1145

 []


Underfull \hbox (badness 10000) in paragraph at lines 1147--1148

 []


Underfull \hbox (badness 10000) in paragraph at lines 1160--1160

 []


Underfull \hbox (badness 10000) in paragraph at lines 1172--1172

 []


Underfull \hbox (badness 10000) in paragraph at lines 1184--1184

 []


Underfull \hbox (badness 10000) in paragraph at lines 1186--1187

 []


Underfull \hbox (badness 10000) in paragraph at lines 1188--1189

 []

<AMADOU_Moussa_files/figure-latex/unnamed-chunk-23-1.pdf, id=350, 469.755pt x 3
25.215pt>
File: AMADOU_Moussa_files/figure-latex/unnamed-chunk-23-1.pdf Graphic file (typ
e pdf)
<use AMADOU_Moussa_files/figure-latex/unnamed-chunk-23-1.pdf>
Package pdftex.def Info: AMADOU_Moussa_files/figure-latex/unnamed-chunk-23-1.pd
f  used on input line 1210.
(pdftex.def)             Requested size: 469.75386pt x 325.2142pt.
[25] [26 <./AMADOU_Moussa_files/figure-latex/unnamed-chunk-23-1.pdf>]
Underfull \hbox (badness 10000) in paragraph at lines 1277--1277

 []


Underfull \hbox (badness 10000) in paragraph at lines 1311--1311

 []

[27]
Underfull \hbox (badness 10000) in paragraph at lines 1333--1333

 []


Underfull \hbox (badness 10000) in paragraph at lines 1356--1356

 []

[28]
Underfull \hbox (badness 10000) in paragraph at lines 1397--1397

 []


Underfull \hbox (badness 10000) in paragraph at lines 1415--1415

 []


Underfull \hbox (badness 10000) in paragraph at lines 1418--1419

 []


Underfull \hbox (badness 10000) in paragraph at lines 1445--1445

 []

[29]
Underfull \hbox (badness 10000) in paragraph at lines 1549--1549

 []

[30]
<AMADOU_Moussa_files/figure-latex/unnamed-chunk-34-1.pdf, id=397, 469.755pt x 3
25.215pt>
File: AMADOU_Moussa_files/figure-latex/unnamed-chunk-34-1.pdf Graphic file (typ
e pdf)
<use AMADOU_Moussa_files/figure-latex/unnamed-chunk-34-1.pdf>
Package pdftex.def Info: AMADOU_Moussa_files/figure-latex/unnamed-chunk-34-1.pd
f  used on input line 1576.
(pdftex.def)             Requested size: 469.75386pt x 325.2142pt.

Underfull \hbox (badness 10000) in paragraph at lines 1581--1581

 []

[31 <./AMADOU_Moussa_files/figure-latex/unnamed-chunk-34-1.pdf>]
Underfull \hbox (badness 10000) in paragraph at lines 1587--1587

 []


Underfull \hbox (badness 10000) in paragraph at lines 1657--1658

 []

[32] [33] [34] (AMADOU_Moussa.aux) ) 
Here is how much of TeX's memory you used:
 22755 strings out of 475243
 434211 string characters out of 2773336
 791898 words of memory out of 3000000
 43675 multiletter control sequences out of 15000+600000
 522416 words of font info for 99 fonts, out of 8000000 for 9000
 1141 hyphenation exceptions out of 8191
 71i,17n,77p,1409b,1055s stack positions out of 10000i,1000n,20000p,200000b,80000s
{C:/Users/USER/AppData/Local/Programs/MiKTe
/fonts/enc/dvips/lm/lm-ec.enc}{C:/Users/USER/AppData/Local/Programs/MiKTe/fonts
/enc/dvips/lm/lm-ts1.enc}<C:/Users/USER/AppData/Local/Programs/MiKTe/fonts/type
1/public/lm/lmbx10.pfb><C:/Users/USER/AppData/Local/Programs/MiKTe/fonts/type1/
public/lm/lmbx12.pfb><C:/Users/USER/AppData/Local/Programs/MiKTe/fonts/type1/pu
blic/lm/lmcsc10.pfb><C:/Users/USER/AppData/Local/Programs/MiKTe/fonts/type1/pub
lic/lm/lmr10.pfb><C:/Users/USER/AppData/Local/Programs/MiKTe/fonts/type1/public
/lm/lmr12.pfb><C:/Users/USER/AppData/Local/Programs/MiKTe/fonts/type1/public/lm
/lmri10.pfb><C:/Users/USER/AppData/Local/Programs/MiKTe/fonts/type1/public/lm/l
mri12.pfb><C:/Users/USER/AppData/Local/Programs/MiKTe/fonts/type1/public/lm/lmr
i7.pfb><C:/Users/USER/AppData/Local/Programs/MiKTe/fonts/type1/public/lm/lmtk10
.pfb><C:/Users/USER/AppData/Local/Programs/MiKTe/fonts/type1/public/lm/lmtt10.p
fb><C:/Users/USER/AppData/Local/Programs/MiKTe/fonts/type1/public/lm/lmtti10.pf
b>
Output written on AMADOU_Moussa.pdf (34 pages, 1182009 bytes).
PDF statistics:
 617 PDF objects out of 1000 (max. 8388607)
 122 named destinations out of 1000 (max. 500000)
 31103 words of extra memory for PDF output out of 35830 (max. 10000000)

